{"/Users/thomas/Desktop/genesis/journey/index.js": {"path":"/Users/thomas/Desktop/genesis/journey/index.js","statementMap":{"0":{"start":{"line":3,"column":29},"end":{"line":3,"column":56}},"1":{"start":{"line":3,"column":36},"end":{"line":3,"column":56}},"2":{"start":{"line":4,"column":35},"end":{"line":4,"column":67}},"3":{"start":{"line":4,"column":42},"end":{"line":4,"column":67}},"4":{"start":{"line":5,"column":25},"end":{"line":5,"column":131}},"5":{"start":{"line":5,"column":34},"end":{"line":5,"column":131}},"6":{"start":{"line":7,"column":24},"end":{"line":12,"column":1}},"7":{"start":{"line":8,"column":2},"end":{"line":8,"column":22}},"8":{"start":{"line":8,"column":11},"end":{"line":8,"column":22}},"9":{"start":{"line":9,"column":19},"end":{"line":9,"column":39}},"10":{"start":{"line":10,"column":2},"end":{"line":10,"column":42}},"11":{"start":{"line":10,"column":27},"end":{"line":10,"column":42}},"12":{"start":{"line":11,"column":2},"end":{"line":11,"column":13}},"13":{"start":{"line":14,"column":24},"end":{"line":31,"column":1}},"14":{"start":{"line":15,"column":2},"end":{"line":30,"column":11}},"15":{"start":{"line":16,"column":25},"end":{"line":16,"column":90}},"16":{"start":{"line":16,"column":42},"end":{"line":16,"column":90}},"17":{"start":{"line":17,"column":24},"end":{"line":17,"column":104}},"18":{"start":{"line":17,"column":42},"end":{"line":17,"column":103}},"19":{"start":{"line":18,"column":23},"end":{"line":18,"column":67}},"20":{"start":{"line":18,"column":40},"end":{"line":18,"column":67}},"21":{"start":{"line":19,"column":40},"end":{"line":23,"column":5}},"22":{"start":{"line":20,"column":30},"end":{"line":20,"column":47}},"23":{"start":{"line":21,"column":6},"end":{"line":21,"column":82}},"24":{"start":{"line":21,"column":27},"end":{"line":21,"column":82}},"25":{"start":{"line":21,"column":56},"end":{"line":21,"column":81}},"26":{"start":{"line":22,"column":6},"end":{"line":22,"column":38}},"27":{"start":{"line":24,"column":37},"end":{"line":28,"column":5}},"28":{"start":{"line":25,"column":27},"end":{"line":25,"column":41}},"29":{"start":{"line":26,"column":6},"end":{"line":26,"column":89}},"30":{"start":{"line":26,"column":24},"end":{"line":26,"column":89}},"31":{"start":{"line":26,"column":47},"end":{"line":26,"column":88}},"32":{"start":{"line":27,"column":6},"end":{"line":27,"column":54}},"33":{"start":{"line":29,"column":4},"end":{"line":29,"column":40}},"34":{"start":{"line":33,"column":38},"end":{"line":33,"column":67}},"35":{"start":{"line":34,"column":43},"end":{"line":34,"column":77}},"36":{"start":{"line":36,"column":22},"end":{"line":51,"column":1}},"37":{"start":{"line":37,"column":2},"end":{"line":37,"column":71}},"38":{"start":{"line":37,"column":32},"end":{"line":37,"column":71}},"39":{"start":{"line":38,"column":2},"end":{"line":38,"column":81}},"40":{"start":{"line":38,"column":37},"end":{"line":38,"column":81}},"41":{"start":{"line":39,"column":15},"end":{"line":43,"column":3}},"42":{"start":{"line":40,"column":21},"end":{"line":40,"column":41}},"43":{"start":{"line":41,"column":4},"end":{"line":41,"column":58}},"44":{"start":{"line":41,"column":29},"end":{"line":41,"column":58}},"45":{"start":{"line":42,"column":4},"end":{"line":42,"column":28}},"46":{"start":{"line":44,"column":2},"end":{"line":44,"column":19}},"47":{"start":{"line":45,"column":2},"end":{"line":45,"column":19}},"48":{"start":{"line":46,"column":2},"end":{"line":46,"column":16}},"49":{"start":{"line":47,"column":2},"end":{"line":47,"column":16}},"50":{"start":{"line":48,"column":2},"end":{"line":48,"column":16}},"51":{"start":{"line":49,"column":2},"end":{"line":49,"column":16}},"52":{"start":{"line":50,"column":2},"end":{"line":50,"column":13}},"53":{"start":{"line":53,"column":23},"end":{"line":86,"column":1}},"54":{"start":{"line":55,"column":2},"end":{"line":59,"column":3}},"55":{"start":{"line":56,"column":4},"end":{"line":56,"column":18}},"56":{"start":{"line":57,"column":4},"end":{"line":57,"column":13}},"57":{"start":{"line":58,"column":4},"end":{"line":58,"column":26}},"58":{"start":{"line":60,"column":2},"end":{"line":60,"column":38}},"59":{"start":{"line":61,"column":2},"end":{"line":61,"column":44}},"60":{"start":{"line":62,"column":2},"end":{"line":62,"column":42}},"61":{"start":{"line":63,"column":2},"end":{"line":63,"column":44}},"62":{"start":{"line":64,"column":2},"end":{"line":73,"column":3}},"63":{"start":{"line":65,"column":4},"end":{"line":65,"column":46}},"64":{"start":{"line":66,"column":14},"end":{"line":66,"column":51}},"65":{"start":{"line":67,"column":4},"end":{"line":72,"column":6}},"66":{"start":{"line":68,"column":20},"end":{"line":68,"column":31}},"67":{"start":{"line":69,"column":6},"end":{"line":69,"column":26}},"68":{"start":{"line":70,"column":6},"end":{"line":70,"column":24}},"69":{"start":{"line":71,"column":6},"end":{"line":71,"column":36}},"70":{"start":{"line":74,"column":2},"end":{"line":80,"column":3}},"71":{"start":{"line":75,"column":4},"end":{"line":79,"column":5}},"72":{"start":{"line":76,"column":6},"end":{"line":76,"column":69}},"73":{"start":{"line":76,"column":43},"end":{"line":76,"column":69}},"74":{"start":{"line":77,"column":6},"end":{"line":77,"column":46}},"75":{"start":{"line":77,"column":23},"end":{"line":77,"column":46}},"76":{"start":{"line":78,"column":6},"end":{"line":78,"column":14}},"77":{"start":{"line":81,"column":13},"end":{"line":84,"column":3}},"78":{"start":{"line":82,"column":16},"end":{"line":82,"column":41}},"79":{"start":{"line":83,"column":4},"end":{"line":83,"column":39}},"80":{"start":{"line":85,"column":2},"end":{"line":85,"column":28}}},"fnMap":{"0":{"name":"(anonymous_0)","decl":{"start":{"line":3,"column":29},"end":{"line":3,"column":30}},"loc":{"start":{"line":3,"column":36},"end":{"line":3,"column":56}},"line":3},"1":{"name":"(anonymous_1)","decl":{"start":{"line":4,"column":35},"end":{"line":4,"column":36}},"loc":{"start":{"line":4,"column":42},"end":{"line":4,"column":67}},"line":4},"2":{"name":"(anonymous_2)","decl":{"start":{"line":5,"column":25},"end":{"line":5,"column":26}},"loc":{"start":{"line":5,"column":34},"end":{"line":5,"column":131}},"line":5},"3":{"name":"(anonymous_3)","decl":{"start":{"line":7,"column":24},"end":{"line":7,"column":25}},"loc":{"start":{"line":7,"column":41},"end":{"line":12,"column":1}},"line":7},"4":{"name":"(anonymous_4)","decl":{"start":{"line":14,"column":24},"end":{"line":14,"column":25}},"loc":{"start":{"line":14,"column":51},"end":{"line":31,"column":1}},"line":14},"5":{"name":"(anonymous_5)","decl":{"start":{"line":15,"column":20},"end":{"line":15,"column":21}},"loc":{"start":{"line":15,"column":33},"end":{"line":30,"column":3}},"line":15},"6":{"name":"(anonymous_6)","decl":{"start":{"line":16,"column":25},"end":{"line":16,"column":26}},"loc":{"start":{"line":16,"column":42},"end":{"line":16,"column":90}},"line":16},"7":{"name":"(anonymous_7)","decl":{"start":{"line":17,"column":24},"end":{"line":17,"column":25}},"loc":{"start":{"line":17,"column":42},"end":{"line":17,"column":103}},"line":17},"8":{"name":"(anonymous_8)","decl":{"start":{"line":18,"column":23},"end":{"line":18,"column":24}},"loc":{"start":{"line":18,"column":40},"end":{"line":18,"column":67}},"line":18},"9":{"name":"(anonymous_9)","decl":{"start":{"line":19,"column":40},"end":{"line":19,"column":41}},"loc":{"start":{"line":19,"column":57},"end":{"line":23,"column":5}},"line":19},"10":{"name":"(anonymous_10)","decl":{"start":{"line":21,"column":46},"end":{"line":21,"column":47}},"loc":{"start":{"line":21,"column":56},"end":{"line":21,"column":81}},"line":21},"11":{"name":"(anonymous_11)","decl":{"start":{"line":24,"column":37},"end":{"line":24,"column":38}},"loc":{"start":{"line":24,"column":46},"end":{"line":28,"column":5}},"line":24},"12":{"name":"(anonymous_12)","decl":{"start":{"line":26,"column":40},"end":{"line":26,"column":41}},"loc":{"start":{"line":26,"column":47},"end":{"line":26,"column":88}},"line":26},"13":{"name":"(anonymous_13)","decl":{"start":{"line":36,"column":22},"end":{"line":36,"column":23}},"loc":{"start":{"line":36,"column":39},"end":{"line":51,"column":1}},"line":36},"14":{"name":"(anonymous_14)","decl":{"start":{"line":39,"column":15},"end":{"line":39,"column":16}},"loc":{"start":{"line":39,"column":28},"end":{"line":43,"column":3}},"line":39},"15":{"name":"(anonymous_15)","decl":{"start":{"line":53,"column":23},"end":{"line":53,"column":24}},"loc":{"start":{"line":53,"column":47},"end":{"line":86,"column":1}},"line":53},"16":{"name":"(anonymous_16)","decl":{"start":{"line":67,"column":24},"end":{"line":67,"column":25}},"loc":{"start":{"line":67,"column":31},"end":{"line":72,"column":5}},"line":67},"17":{"name":"(anonymous_17)","decl":{"start":{"line":75,"column":14},"end":{"line":75,"column":15}},"loc":{"start":{"line":75,"column":21},"end":{"line":79,"column":5}},"line":75},"18":{"name":"(anonymous_18)","decl":{"start":{"line":81,"column":13},"end":{"line":81,"column":14}},"loc":{"start":{"line":81,"column":26},"end":{"line":84,"column":3}},"line":81}},"branchMap":{"0":{"loc":{"start":{"line":3,"column":36},"end":{"line":3,"column":56}},"type":"cond-expr","locations":[{"start":{"line":3,"column":49},"end":{"line":3,"column":50}},{"start":{"line":3,"column":53},"end":{"line":3,"column":56}}],"line":3},"1":{"loc":{"start":{"line":4,"column":42},"end":{"line":4,"column":67}},"type":"cond-expr","locations":[{"start":{"line":4,"column":61},"end":{"line":4,"column":62}},{"start":{"line":4,"column":65},"end":{"line":4,"column":67}}],"line":4},"2":{"loc":{"start":{"line":5,"column":34},"end":{"line":5,"column":131}},"type":"binary-expr","locations":[{"start":{"line":5,"column":34},"end":{"line":5,"column":39}},{"start":{"line":5,"column":44},"end":{"line":5,"column":67}},{"start":{"line":5,"column":71},"end":{"line":5,"column":96}},{"start":{"line":5,"column":101},"end":{"line":5,"column":131}}],"line":5},"3":{"loc":{"start":{"line":8,"column":2},"end":{"line":8,"column":22}},"type":"if","locations":[{"start":{"line":8,"column":2},"end":{"line":8,"column":22}},{"start":{"line":8,"column":2},"end":{"line":8,"column":22}}],"line":8},"4":{"loc":{"start":{"line":10,"column":2},"end":{"line":10,"column":42}},"type":"if","locations":[{"start":{"line":10,"column":2},"end":{"line":10,"column":42}},{"start":{"line":10,"column":2},"end":{"line":10,"column":42}}],"line":10},"5":{"loc":{"start":{"line":14,"column":30},"end":{"line":14,"column":40}},"type":"default-arg","locations":[{"start":{"line":14,"column":38},"end":{"line":14,"column":40}}],"line":14},"6":{"loc":{"start":{"line":21,"column":6},"end":{"line":21,"column":82}},"type":"if","locations":[{"start":{"line":21,"column":6},"end":{"line":21,"column":82}},{"start":{"line":21,"column":6},"end":{"line":21,"column":82}}],"line":21},"7":{"loc":{"start":{"line":26,"column":6},"end":{"line":26,"column":89}},"type":"if","locations":[{"start":{"line":26,"column":6},"end":{"line":26,"column":89}},{"start":{"line":26,"column":6},"end":{"line":26,"column":89}}],"line":26},"8":{"loc":{"start":{"line":37,"column":2},"end":{"line":37,"column":71}},"type":"if","locations":[{"start":{"line":37,"column":2},"end":{"line":37,"column":71}},{"start":{"line":37,"column":2},"end":{"line":37,"column":71}}],"line":37},"9":{"loc":{"start":{"line":38,"column":2},"end":{"line":38,"column":81}},"type":"if","locations":[{"start":{"line":38,"column":2},"end":{"line":38,"column":81}},{"start":{"line":38,"column":2},"end":{"line":38,"column":81}}],"line":38},"10":{"loc":{"start":{"line":41,"column":4},"end":{"line":41,"column":58}},"type":"if","locations":[{"start":{"line":41,"column":4},"end":{"line":41,"column":58}},{"start":{"line":41,"column":4},"end":{"line":41,"column":58}}],"line":41},"11":{"loc":{"start":{"line":53,"column":33},"end":{"line":53,"column":42}},"type":"default-arg","locations":[{"start":{"line":53,"column":40},"end":{"line":53,"column":42}}],"line":53},"12":{"loc":{"start":{"line":55,"column":2},"end":{"line":59,"column":3}},"type":"if","locations":[{"start":{"line":55,"column":2},"end":{"line":59,"column":3}},{"start":{"line":55,"column":2},"end":{"line":59,"column":3}}],"line":55},"13":{"loc":{"start":{"line":64,"column":2},"end":{"line":73,"column":3}},"type":"if","locations":[{"start":{"line":64,"column":2},"end":{"line":73,"column":3}},{"start":{"line":64,"column":2},"end":{"line":73,"column":3}}],"line":64},"14":{"loc":{"start":{"line":74,"column":2},"end":{"line":80,"column":3}},"type":"if","locations":[{"start":{"line":74,"column":2},"end":{"line":80,"column":3}},{"start":{"line":74,"column":2},"end":{"line":80,"column":3}}],"line":74},"15":{"loc":{"start":{"line":76,"column":6},"end":{"line":76,"column":69}},"type":"if","locations":[{"start":{"line":76,"column":6},"end":{"line":76,"column":69}},{"start":{"line":76,"column":6},"end":{"line":76,"column":69}}],"line":76},"16":{"loc":{"start":{"line":77,"column":6},"end":{"line":77,"column":46}},"type":"if","locations":[{"start":{"line":77,"column":6},"end":{"line":77,"column":46}},{"start":{"line":77,"column":6},"end":{"line":77,"column":46}}],"line":77}},"s":{"0":1,"1":2,"2":1,"3":123,"4":1,"5":153,"6":1,"7":61,"8":49,"9":12,"10":12,"11":6,"12":12,"13":1,"14":21,"15":63,"16":61,"17":63,"18":61,"19":63,"20":61,"21":63,"22":62,"23":62,"24":5,"25":4,"26":57,"27":63,"28":63,"29":63,"30":5,"31":4,"32":58,"33":63,"34":1,"35":1,"36":1,"37":14,"38":1,"39":13,"40":1,"41":12,"42":12,"43":12,"44":3,"45":9,"46":12,"47":12,"48":12,"49":12,"50":12,"51":12,"52":12,"53":1,"54":13,"55":1,"56":1,"57":1,"58":13,"59":13,"60":13,"61":13,"62":13,"63":2,"64":2,"65":2,"66":3,"67":3,"68":3,"69":3,"70":11,"71":10,"72":9,"73":4,"74":5,"75":1,"76":4,"77":11,"78":20,"79":20,"80":11},"f":{"0":2,"1":123,"2":153,"3":61,"4":21,"5":63,"6":61,"7":61,"8":61,"9":62,"10":4,"11":63,"12":4,"13":14,"14":12,"15":13,"16":3,"17":9,"18":20},"b":{"0":[1,1],"1":[122,1],"2":[153,147,3,145],"3":[49,12],"4":[6,6],"5":[1],"6":[5,57],"7":[5,58],"8":[1,13],"9":[1,12],"10":[3,9],"11":[3],"12":[1,12],"13":[2,11],"14":[10,1],"15":[4,5],"16":[1,4]},"_coverageSchema":"332fd63041d2c1bcb487cc26dd0d5f7d97098a6c","hash":"6bc2e330ef78df836d219bb39fa39c54c65da5aa"}
}
