{"/Users/thomas/Desktop/abide-master/packages/journey/index.js": {"path":"/Users/thomas/Desktop/abide-master/packages/journey/index.js","statementMap":{"0":{"start":{"line":6,"column":23},"end":{"line":39,"column":1}},"1":{"start":{"line":8,"column":2},"end":{"line":12,"column":3}},"2":{"start":{"line":9,"column":4},"end":{"line":9,"column":18}},"3":{"start":{"line":10,"column":4},"end":{"line":10,"column":13}},"4":{"start":{"line":11,"column":4},"end":{"line":11,"column":26}},"5":{"start":{"line":13,"column":2},"end":{"line":13,"column":38}},"6":{"start":{"line":14,"column":2},"end":{"line":14,"column":44}},"7":{"start":{"line":15,"column":2},"end":{"line":15,"column":42}},"8":{"start":{"line":16,"column":2},"end":{"line":16,"column":44}},"9":{"start":{"line":17,"column":2},"end":{"line":26,"column":3}},"10":{"start":{"line":18,"column":4},"end":{"line":18,"column":46}},"11":{"start":{"line":19,"column":14},"end":{"line":19,"column":51}},"12":{"start":{"line":20,"column":4},"end":{"line":25,"column":6}},"13":{"start":{"line":21,"column":20},"end":{"line":21,"column":31}},"14":{"start":{"line":22,"column":6},"end":{"line":22,"column":26}},"15":{"start":{"line":23,"column":6},"end":{"line":23,"column":24}},"16":{"start":{"line":24,"column":6},"end":{"line":24,"column":36}},"17":{"start":{"line":27,"column":2},"end":{"line":33,"column":3}},"18":{"start":{"line":28,"column":4},"end":{"line":32,"column":5}},"19":{"start":{"line":29,"column":6},"end":{"line":29,"column":69}},"20":{"start":{"line":29,"column":43},"end":{"line":29,"column":69}},"21":{"start":{"line":30,"column":6},"end":{"line":30,"column":46}},"22":{"start":{"line":30,"column":23},"end":{"line":30,"column":46}},"23":{"start":{"line":31,"column":6},"end":{"line":31,"column":14}},"24":{"start":{"line":34,"column":13},"end":{"line":37,"column":3}},"25":{"start":{"line":35,"column":16},"end":{"line":35,"column":41}},"26":{"start":{"line":36,"column":4},"end":{"line":36,"column":39}},"27":{"start":{"line":38,"column":2},"end":{"line":38,"column":84}}},"fnMap":{"0":{"name":"(anonymous_0)","decl":{"start":{"line":6,"column":23},"end":{"line":6,"column":24}},"loc":{"start":{"line":6,"column":47},"end":{"line":39,"column":1}},"line":6},"1":{"name":"(anonymous_1)","decl":{"start":{"line":20,"column":24},"end":{"line":20,"column":25}},"loc":{"start":{"line":20,"column":31},"end":{"line":25,"column":5}},"line":20},"2":{"name":"(anonymous_2)","decl":{"start":{"line":28,"column":14},"end":{"line":28,"column":15}},"loc":{"start":{"line":28,"column":21},"end":{"line":32,"column":5}},"line":28},"3":{"name":"(anonymous_3)","decl":{"start":{"line":34,"column":13},"end":{"line":34,"column":14}},"loc":{"start":{"line":34,"column":26},"end":{"line":37,"column":3}},"line":34}},"branchMap":{"0":{"loc":{"start":{"line":6,"column":33},"end":{"line":6,"column":42}},"type":"default-arg","locations":[{"start":{"line":6,"column":40},"end":{"line":6,"column":42}}],"line":6},"1":{"loc":{"start":{"line":8,"column":2},"end":{"line":12,"column":3}},"type":"if","locations":[{"start":{"line":8,"column":2},"end":{"line":12,"column":3}},{"start":{"line":8,"column":2},"end":{"line":12,"column":3}}],"line":8},"2":{"loc":{"start":{"line":17,"column":2},"end":{"line":26,"column":3}},"type":"if","locations":[{"start":{"line":17,"column":2},"end":{"line":26,"column":3}},{"start":{"line":17,"column":2},"end":{"line":26,"column":3}}],"line":17},"3":{"loc":{"start":{"line":27,"column":2},"end":{"line":33,"column":3}},"type":"if","locations":[{"start":{"line":27,"column":2},"end":{"line":33,"column":3}},{"start":{"line":27,"column":2},"end":{"line":33,"column":3}}],"line":27},"4":{"loc":{"start":{"line":29,"column":6},"end":{"line":29,"column":69}},"type":"if","locations":[{"start":{"line":29,"column":6},"end":{"line":29,"column":69}},{"start":{"line":29,"column":6},"end":{"line":29,"column":69}}],"line":29},"5":{"loc":{"start":{"line":30,"column":6},"end":{"line":30,"column":46}},"type":"if","locations":[{"start":{"line":30,"column":6},"end":{"line":30,"column":46}},{"start":{"line":30,"column":6},"end":{"line":30,"column":46}}],"line":30}},"s":{"0":1,"1":13,"2":1,"3":1,"4":1,"5":13,"6":13,"7":13,"8":13,"9":13,"10":2,"11":2,"12":2,"13":3,"14":3,"15":3,"16":3,"17":11,"18":10,"19":9,"20":4,"21":5,"22":1,"23":4,"24":11,"25":20,"26":20,"27":11},"f":{"0":13,"1":3,"2":9,"3":20},"b":{"0":[3],"1":[1,12],"2":[2,11],"3":[10,1],"4":[4,5],"5":[1,4]},"_coverageSchema":"332fd63041d2c1bcb487cc26dd0d5f7d97098a6c","hash":"8a0035a6445ec05c9baa80894800fa533598dec2"}
}
