TN:
SF:/Users/thomas/Desktop/abide-master/packages/journey/index.js
FN:6,(anonymous_0)
FN:20,(anonymous_1)
FN:28,(anonymous_2)
FN:34,(anonymous_3)
FNF:4
FNH:4
FNDA:13,(anonymous_0)
FNDA:3,(anonymous_1)
FNDA:9,(anonymous_2)
FNDA:20,(anonymous_3)
DA:6,1
DA:8,13
DA:9,1
DA:10,1
DA:11,1
DA:13,13
DA:14,13
DA:15,13
DA:16,13
DA:17,13
DA:18,2
DA:19,2
DA:20,2
DA:21,3
DA:22,3
DA:23,3
DA:24,3
DA:27,11
DA:28,10
DA:29,9
DA:30,5
DA:31,4
DA:34,11
DA:35,20
DA:36,20
DA:38,11
LF:26
LH:26
BRDA:6,0,0,3
BRDA:8,1,0,1
BRDA:8,1,1,12
BRDA:17,2,0,2
BRDA:17,2,1,11
BRDA:27,3,0,10
BRDA:27,3,1,1
BRDA:29,4,0,4
BRDA:29,4,1,5
BRDA:30,5,0,1
BRDA:30,5,1,4
BRF:11
BRH:11
end_of_record
