TN:
SF:/Users/thomas/Desktop/genesis/journey/index.js
FN:3,(anonymous_0)
FN:4,(anonymous_1)
FN:5,(anonymous_2)
FN:7,(anonymous_3)
FN:14,(anonymous_4)
FN:15,(anonymous_5)
FN:16,(anonymous_6)
FN:17,(anonymous_7)
FN:18,(anonymous_8)
FN:19,(anonymous_9)
FN:21,(anonymous_10)
FN:24,(anonymous_11)
FN:26,(anonymous_12)
FN:36,(anonymous_13)
FN:39,(anonymous_14)
FN:53,(anonymous_15)
FN:67,(anonymous_16)
FN:75,(anonymous_17)
FN:81,(anonymous_18)
FNF:19
FNH:19
FNDA:2,(anonymous_0)
FNDA:123,(anonymous_1)
FNDA:153,(anonymous_2)
FNDA:61,(anonymous_3)
FNDA:21,(anonymous_4)
FNDA:63,(anonymous_5)
FNDA:61,(anonymous_6)
FNDA:61,(anonymous_7)
FNDA:61,(anonymous_8)
FNDA:62,(anonymous_9)
FNDA:4,(anonymous_10)
FNDA:63,(anonymous_11)
FNDA:4,(anonymous_12)
FNDA:14,(anonymous_13)
FNDA:12,(anonymous_14)
FNDA:13,(anonymous_15)
FNDA:3,(anonymous_16)
FNDA:9,(anonymous_17)
FNDA:20,(anonymous_18)
DA:3,2
DA:4,123
DA:5,153
DA:7,1
DA:8,61
DA:9,12
DA:10,12
DA:11,12
DA:14,1
DA:15,21
DA:16,63
DA:17,63
DA:18,63
DA:19,63
DA:20,62
DA:21,62
DA:22,57
DA:24,63
DA:25,63
DA:26,63
DA:27,58
DA:29,63
DA:33,1
DA:34,1
DA:36,1
DA:37,14
DA:38,13
DA:39,12
DA:40,12
DA:41,12
DA:42,9
DA:44,12
DA:45,12
DA:46,12
DA:47,12
DA:48,12
DA:49,12
DA:50,12
DA:53,1
DA:55,13
DA:56,1
DA:57,1
DA:58,1
DA:60,13
DA:61,13
DA:62,13
DA:63,13
DA:64,13
DA:65,2
DA:66,2
DA:67,2
DA:68,3
DA:69,3
DA:70,3
DA:71,3
DA:74,11
DA:75,10
DA:76,9
DA:77,5
DA:78,4
DA:81,11
DA:82,20
DA:83,20
DA:85,11
LF:64
LH:64
BRDA:3,0,0,1
BRDA:3,0,1,1
BRDA:4,1,0,122
BRDA:4,1,1,1
BRDA:5,2,0,153
BRDA:5,2,1,147
BRDA:5,2,2,3
BRDA:5,2,3,145
BRDA:8,3,0,49
BRDA:8,3,1,12
BRDA:10,4,0,6
BRDA:10,4,1,6
BRDA:14,5,0,1
BRDA:21,6,0,5
BRDA:21,6,1,57
BRDA:26,7,0,5
BRDA:26,7,1,58
BRDA:37,8,0,1
BRDA:37,8,1,13
BRDA:38,9,0,1
BRDA:38,9,1,12
BRDA:41,10,0,3
BRDA:41,10,1,9
BRDA:53,11,0,3
BRDA:55,12,0,1
BRDA:55,12,1,12
BRDA:64,13,0,2
BRDA:64,13,1,11
BRDA:74,14,0,10
BRDA:74,14,1,1
BRDA:76,15,0,4
BRDA:76,15,1,5
BRDA:77,16,0,1
BRDA:77,16,1,4
BRF:34
BRH:34
end_of_record
